{
  "RSpec": {
    "coverage": {
      "/Users/brunoasantos/work/tidy/customer-api/app/api/api.rb": [
        1,
        1,
        null,
        1,
        11,
        null,
        1,
        3,
        null,
        1,
        0,
        0,
        0,
        null,
        null,
        1,
        1,
        7,
        null,
        null,
        null,
        1,
        null
      ],
      "/Users/brunoasantos/work/tidy/customer-api/app/api/customer_api/v1/base.rb": [
        1,
        1,
        1,
        1,
        1,
        null,
        1,
        1,
        null,
        null,
        null
      ],
      "/Users/brunoasantos/work/tidy/customer-api/app/api/customer_api/v1/customers.rb": [
        1,
        1,
        1,
        1,
        null,
        1,
        1,
        1,
        2,
        null,
        null,
        1,
        1,
        2,
        null,
        null,
        1,
        1,
        1,
        1,
        1,
        1,
        null,
        1,
        2,
        2,
        null,
        2,
        1,
        null,
        1,
        1,
        null,
        null,
        null,
        1,
        1,
        1,
        1,
        1,
        1,
        null,
        1,
        2,
        null,
        1,
        1,
        null,
        1,
        1,
        null,
        0,
        0,
        null,
        null,
        null,
        1,
        1,
        2,
        null,
        null,
        null,
        null,
        null,
        null
      ],
      "/Users/brunoasantos/work/tidy/customer-api/app/api/customer_api/v1/entities/customer_entity.rb": [
        1,
        1,
        1,
        1,
        1,
        1,
        1,
        1,
        1,
        1,
        null,
        null,
        null,
        null
      ],
      "/Users/brunoasantos/work/tidy/customer-api/app/api/customer_api/v1/entities/address_entity.rb": [
        1,
        1,
        1,
        1,
        1,
        1,
        1,
        1,
        1,
        1,
        1,
        null,
        null,
        null,
        null
      ],
      "/Users/brunoasantos/work/tidy/customer-api/app/api/customer_api/v1/addresses.rb": [
        1,
        1,
        1,
        1,
        null,
        1,
        1,
        1,
        1,
        1,
        1,
        null,
        null,
        null,
        null,
        1,
        3,
        null,
        null,
        1,
        1,
        1,
        null,
        null,
        null,
        null,
        1,
        3,
        null,
        null,
        1,
        1,
        1,
        null,
        null,
        null,
        null,
        null,
        1,
        1,
        1,
        1,
        1,
        1,
        null,
        1,
        3,
        null,
        2,
        2,
        null,
        2,
        1,
        null,
        1,
        1,
        null,
        null,
        null,
        1,
        1,
        1,
        null,
        null,
        null,
        null,
        null,
        1,
        1,
        1,
        1,
        1,
        1,
        null,
        1,
        4,
        null,
        2,
        2,
        2,
        null,
        2,
        1,
        null,
        1,
        1,
        null,
        null,
        null,
        1,
        1,
        1,
        null,
        null,
        null,
        1,
        3,
        null,
        null,
        null,
        null,
        null,
        null,
        null
      ],
      "/Users/brunoasantos/work/tidy/customer-api/app/models/address.rb": [
        1,
        1,
        null,
        1,
        1,
        1,
        1,
        null
      ],
      "/Users/brunoasantos/work/tidy/customer-api/app/models/customer.rb": [
        1,
        1,
        null,
        1,
        1,
        1,
        1,
        null,
        3,
        null
      ]
    },
    "timestamp": 1455764662
  }
}
